<?xml version="1.0" encoding="UTF-8"?>
<!-- Generated by org.testng.reporters.JUnitReportReporter -->
<testsuite hostname="DESKTOP-7HJ645U" failures="0" tests="3" name="com.actitime.testcases.UserModule" time="5.835" errors="0" timestamp="2025-09-15T08:52:19 IST" skipped="0">
  <testcase classname="com.actitime.testcases.UserModule" name="modifyUser" time="2.892">
    <system-out>
      <![CDATA[modifyUser]]>
    </system-out>
  </testcase> <!-- modifyUser -->
  <testcase classname="com.actitime.testcases.UserModule" name="deleteUser" time="1.537">
    <system-out>
      <![CDATA[deleteUser]]>
    </system-out>
  </testcase> <!-- deleteUser -->
  <testcase classname="com.actitime.testcases.UserModule" name="createUser" time="1.406">
    <system-out>
      <![CDATA[createUser]]>
    </system-out>
  </testcase> <!-- createUser -->
  <system-out>
    <![CDATA[openBrowser
openBrowser
openBrowser
login
createProject
login
createUser
login
createCustomer
createCustomer has been passed
logout
login
deleteProject
logout
login
deleteUser
logout
login
deleteCustomer
deleteCustomer has been passed
logout
login
modifyProject
logout
login
modifyUser
logout
login
modifyCustomer
modifyCustomer has been passed
logout
closeBrowser
logout
closeBrowser
logout
closeBrowser]]>
  </system-out>
</testsuite> <!-- com.actitime.testcases.UserModule -->
