<?xml version="1.0" encoding="UTF-8"?>
<!-- Generated by org.testng.reporters.JUnitReportReporter -->
<testsuite hostname="DESKTOP-6BBBRQ1" failures="0" tests="4" name="com.actitime.testscript.CustomerModule" time="0.036" errors="0" timestamp="2025-08-29T08:15:21 IST" skipped="0">
  <testcase classname="com.actitime.testscript.CustomerModule" name="deleteCustomer" time="0.004">
    <system-out>
      <![CDATA[deleteCustomer]]>
    </system-out>
  </testcase> <!-- deleteCustomer -->
  <testcase classname="com.actitime.testscript.CustomerModule" name="createCustomer" time="0.009">
    <system-out>
      <![CDATA[createCustomer]]>
    </system-out>
  </testcase> <!-- createCustomer -->
  <testcase classname="com.actitime.testscript.CustomerModule" name="createCustomer" time="0.015">
    <system-out>
      <![CDATA[createCustomer]]>
    </system-out>
  </testcase> <!-- createCustomer -->
  <testcase classname="com.actitime.testscript.CustomerModule" name="modifyCustomer" time="0.008">
    <system-out>
      <![CDATA[modifyCustomer]]>
    </system-out>
  </testcase> <!-- modifyCustomer -->
  <system-out>
    <![CDATA[openBrowser
login
createCustomer
logout
login
createCustomer
logout
login
deleteCustomer
logout
login
modifyCustomer
logout
closeBrowser]]>
  </system-out>
</testsuite> <!-- com.actitime.testscript.CustomerModule -->
