<?xml version="1.0" encoding="UTF-8"?>
<!-- Generated by org.testng.reporters.JUnitReportReporter -->
<testsuite hostname="DESKTOP-7HJ645U" failures="0" tests="6" name="data_driven_testing.LearnParameters" time="22.561" errors="0" timestamp="2025-09-16T09:30:01 IST" skipped="0">
  <testcase classname="data_driven_testing.LearnParameters" name="login" time="4.441"/>
  <testcase classname="data_driven_testing.LearnParameters" name="login" time="3.606"/>
  <testcase classname="data_driven_testing.LearnParameters" name="login" time="3.569"/>
  <testcase classname="data_driven_testing.LearnParameters" name="login" time="3.717"/>
  <testcase classname="data_driven_testing.LearnParameters" name="login" time="3.609"/>
  <testcase classname="data_driven_testing.LearnParameters" name="login" time="3.619"/>
</testsuite> <!-- data_driven_testing.LearnParameters -->
