<?xml version="1.0" encoding="UTF-8"?>
<!-- Generated by org.testng.reporters.JUnitReportReporter -->
<testsuite hostname="DESKTOP-6BBBRQ1" failures="0" tests="3" name="com.actitime.testscript.Demo" time="0.013" errors="0" timestamp="2025-08-19T09:19:23 IST" skipped="0">
  <testcase classname="com.actitime.testscript.Demo" name="demo2" time="0.003">
    <system-out>
      <![CDATA[Bye World
Bye World]]>
    </system-out>
  </testcase> <!-- demo2 -->
  <testcase classname="com.actitime.testscript.Demo" name="demo3" time="0.005">
    <system-out>
      <![CDATA[Hi World]]>
    </system-out>
  </testcase> <!-- demo3 -->
  <testcase classname="com.actitime.testscript.Demo" name="demo1" time="0.005"/>
  <system-out>
    <![CDATA[createCustomer
deleteCustomer
modifyCustomer
createProject
deleteProject
modifyProject
Bye World
Bye World
Hi World
createCustomer
createCustomer
createCustomer
modifyCustomer
createUser
deleteUser
modifyUser]]>
  </system-out>
</testsuite> <!-- com.actitime.testscript.Demo -->
